<?xml version="1.0" encoding="UTF-8"?>
<!-- Generated by org.testng.reporters.JUnitReportReporter -->
<testsuite skipped="0" hostname="LAPTOP-VH2PFA2Q" name="com.employeeAPI.testCases.TC002_GET_Single_Employee" tests="7" failures="0" timestamp="2021-06-17T09:53:26 IST" time="0.015" errors="0">
  <testcase name="checkStatusCode" time="0.000" classname="com.employeeAPI.testCases.TC002_GET_Single_Employee"/>
  <system-out/>
  <testcase name="checkServerType" time="0.000" classname="com.employeeAPI.testCases.TC002_GET_Single_Employee"/>
  <system-out/>
  <testcase name="checkResponseTime" time="0.007" classname="com.employeeAPI.testCases.TC002_GET_Single_Employee"/>
  <system-out/>
  <testcase name="checkContentType" time="0.000" classname="com.employeeAPI.testCases.TC002_GET_Single_Employee"/>
  <system-out/>
  <testcase name="checkContentLength" time="0.000" classname="com.employeeAPI.testCases.TC002_GET_Single_Employee"/>
  <system-out/>
  <testcase name="checkResponseBody" time="0.000" classname="com.employeeAPI.testCases.TC002_GET_Single_Employee"/>
  <system-out/>
  <testcase name="checkStausLine" time="0.008" classname="com.employeeAPI.testCases.TC002_GET_Single_Employee"/>
  <system-out/>
</testsuite> <!-- com.employeeAPI.testCases.TC002_GET_Single_Employee -->
